<?xml version="1.0" encoding="UTF-8"?>
<coverage generated="1779129058807" clover="3.2.0">
  <project timestamp="1779129058808" name="All files">
    <metrics statements="53" coveredstatements="46" conditionals="26" coveredconditionals="18" methods="14" coveredmethods="10" elements="93" coveredelements="74" complexity="0" loc="53" ncloc="53" packages="4" files="6" classes="6"/>
    <package name="config">
      <metrics statements="8" coveredstatements="5" conditionals="4" coveredconditionals="2" methods="1" coveredmethods="1"/>
      <file name="env.config.ts" path="C:\Users\orvin\Documents\software_engineer\Vektora\src\config\env.config.ts">
        <metrics statements="8" coveredstatements="5" conditionals="4" coveredconditionals="2" methods="1" coveredmethods="1"/>
        <line num="4" count="1" type="stmt"/>
        <line num="23" count="1" type="cond" truecount="1" falsecount="1"/>
        <line num="30" count="1" type="stmt"/>
        <line num="32" count="1" type="cond" truecount="1" falsecount="1"/>
        <line num="34" count="0" type="stmt"/>
        <line num="35" count="0" type="stmt"/>
        <line num="36" count="0" type="stmt"/>
        <line num="40" count="1" type="stmt"/>
      </file>
    </package>
    <package name="db">
      <metrics statements="8" coveredstatements="8" conditionals="2" coveredconditionals="2" methods="1" coveredmethods="1"/>
      <file name="index.ts" path="C:\Users\orvin\Documents\software_engineer\Vektora\src\db\index.ts">
        <metrics statements="8" coveredstatements="8" conditionals="2" coveredconditionals="2" methods="1" coveredmethods="1"/>
        <line num="8" count="1" type="stmt"/>
        <line num="21" count="1" type="stmt"/>
        <line num="22" count="1" type="stmt"/>
        <line num="25" count="1" type="stmt"/>
        <line num="28" count="1" type="stmt"/>
        <line num="30" count="69" type="stmt"/>
        <line num="31" count="69" type="cond" truecount="2" falsecount="0"/>
        <line num="32" count="69" type="stmt"/>
      </file>
    </package>
    <package name="modules.identity">
      <metrics statements="27" coveredstatements="26" conditionals="14" coveredconditionals="11" methods="6" coveredmethods="5"/>
      <file name="identity.constants.ts" path="C:\Users\orvin\Documents\software_engineer\Vektora\src\modules\identity\identity.constants.ts">
        <metrics statements="2" coveredstatements="2" conditionals="0" coveredconditionals="0" methods="0" coveredmethods="0"/>
        <line num="1" count="1" type="stmt"/>
        <line num="12" count="1" type="stmt"/>
      </file>
      <file name="identity.schema.ts" path="C:\Users\orvin\Documents\software_engineer\Vektora\src\modules\identity\identity.schema.ts">
        <metrics statements="5" coveredstatements="4" conditionals="0" coveredconditionals="0" methods="2" coveredmethods="1"/>
        <line num="4" count="1" type="stmt"/>
        <line num="6" count="1" type="stmt"/>
        <line num="21" count="1" type="stmt"/>
        <line num="23" count="0" type="stmt"/>
        <line num="29" count="1" type="stmt"/>
      </file>
      <file name="identity.service.ts" path="C:\Users\orvin\Documents\software_engineer\Vektora\src\modules\identity\identity.service.ts">
        <metrics statements="20" coveredstatements="20" conditionals="14" coveredconditionals="11" methods="4" coveredmethods="4"/>
        <line num="13" count="7" type="stmt"/>
        <line num="20" count="7" type="cond" truecount="2" falsecount="0"/>
        <line num="21" count="2" type="cond" truecount="2" falsecount="0"/>
        <line num="22" count="1" type="stmt"/>
        <line num="24" count="1" type="cond" truecount="1" falsecount="1"/>
        <line num="25" count="1" type="stmt"/>
        <line num="29" count="5" type="stmt"/>
        <line num="40" count="5" type="stmt"/>
        <line num="47" count="4" type="stmt"/>
        <line num="49" count="4" type="stmt"/>
        <line num="52" count="4" type="cond" truecount="2" falsecount="0"/>
        <line num="53" count="1" type="stmt"/>
        <line num="56" count="3" type="stmt"/>
        <line num="59" count="3" type="cond" truecount="2" falsecount="0"/>
        <line num="60" count="1" type="stmt"/>
        <line num="64" count="2" type="stmt"/>
        <line num="65" count="2" type="stmt"/>
        <line num="67" count="2" type="stmt"/>
        <line num="77" count="2" type="stmt"/>
        <line num="85" count="2" type="stmt"/>
      </file>
    </package>
    <package name="shared.errors">
      <metrics statements="10" coveredstatements="7" conditionals="6" coveredconditionals="3" methods="6" coveredmethods="3"/>
      <file name="app-error.ts" path="C:\Users\orvin\Documents\software_engineer\Vektora\src\shared\errors\app-error.ts">
        <metrics statements="10" coveredstatements="7" conditionals="6" coveredconditionals="3" methods="6" coveredmethods="3"/>
        <line num="6" count="8" type="stmt"/>
        <line num="7" count="8" type="stmt"/>
        <line num="8" count="8" type="stmt"/>
        <line num="9" count="8" type="stmt"/>
        <line num="10" count="8" type="stmt"/>
        <line num="17" count="0" type="stmt"/>
        <line num="24" count="0" type="stmt"/>
        <line num="33" count="0" type="stmt"/>
        <line num="40" count="2" type="stmt"/>
        <line num="47" count="6" type="stmt"/>
      </file>
    </package>
  </project>
</coverage>
