{"C:\\Users\\orvin\\Documents\\software_engineer\\Vektora\\src\\config\\env.config.ts": {"path":"C:\\Users\\orvin\\Documents\\software_engineer\\Vektora\\src\\config\\env.config.ts","statementMap":{"0":{"start":{"line":4,"column":18},"end":{"line":27,"column":null}},"1":{"start":{"line":23,"column":16},"end":{"line":23,"column":null}},"2":{"start":{"line":30,"column":18},"end":{"line":30,"column":null}},"3":{"start":{"line":32,"column":0},"end":{"line":37,"column":null}},"4":{"start":{"line":34,"column":2},"end":{"line":34,"column":null}},"5":{"start":{"line":35,"column":2},"end":{"line":35,"column":null}},"6":{"start":{"line":36,"column":2},"end":{"line":36,"column":null}},"7":{"start":{"line":40,"column":22},"end":{"line":48,"column":null}}},"fnMap":{"0":{"name":"(anonymous_0)","decl":{"start":{"line":22,"column":5},"end":{"line":22,"column":null}},"loc":{"start":{"line":23,"column":16},"end":{"line":23,"column":null}},"line":23}},"branchMap":{"0":{"loc":{"start":{"line":23,"column":16},"end":{"line":23,"column":null}},"type":"cond-expr","locations":[{"start":{"line":23,"column":42},"end":{"line":23,"column":73}},{"start":{"line":23,"column":73},"end":{"line":23,"column":null}}],"line":23},"1":{"loc":{"start":{"line":32,"column":0},"end":{"line":37,"column":null}},"type":"if","locations":[{"start":{"line":32,"column":0},"end":{"line":37,"column":null}},{"start":{},"end":{}}],"line":32}},"s":{"0":1,"1":1,"2":1,"3":1,"4":0,"5":0,"6":0,"7":1},"f":{"0":1},"b":{"0":[1,0],"1":[0,1]},"meta":{"lastBranch":2,"lastFunction":1,"lastStatement":8,"seen":{"s:4:18:27:Infinity":0,"f:22:5:22:Infinity":0,"s:23:16:23:Infinity":1,"b:23:42:23:73:23:73:23:Infinity":0,"s:30:18:30:Infinity":2,"b:32:0:37:Infinity:undefined:undefined:undefined:undefined":1,"s:32:0:37:Infinity":3,"s:34:2:34:Infinity":4,"s:35:2:35:Infinity":5,"s:36:2:36:Infinity":6,"s:40:22:48:Infinity":7}}}
,"C:\\Users\\orvin\\Documents\\software_engineer\\Vektora\\src\\db\\index.ts": {"path":"C:\\Users\\orvin\\Documents\\software_engineer\\Vektora\\src\\db\\index.ts","statementMap":{"0":{"start":{"line":8,"column":25},"end":{"line":13,"column":null}},"1":{"start":{"line":21,"column":6},"end":{"line":21,"column":null}},"2":{"start":{"line":22,"column":6},"end":{"line":22,"column":null}},"3":{"start":{"line":25,"column":25},"end":{"line":25,"column":null}},"4":{"start":{"line":28,"column":28},"end":{"line":34,"column":null}},"5":{"start":{"line":30,"column":21},"end":{"line":30,"column":null}},"6":{"start":{"line":31,"column":28},"end":{"line":31,"column":null}},"7":{"start":{"line":32,"column":4},"end":{"line":32,"column":null}}},"fnMap":{"0":{"name":"(anonymous_0)","decl":{"start":{"line":29,"column":2},"end":{"line":29,"column":6}},"loc":{"start":{"line":29,"column":30},"end":{"line":33,"column":null}},"line":29}},"branchMap":{"0":{"loc":{"start":{"line":31,"column":28},"end":{"line":31,"column":null}},"type":"binary-expr","locations":[{"start":{"line":31,"column":28},"end":{"line":31,"column":40}},{"start":{"line":31,"column":40},"end":{"line":31,"column":null}}],"line":31}},"s":{"0":1,"1":1,"2":1,"3":1,"4":1,"5":69,"6":69,"7":69},"f":{"0":69},"b":{"0":[69,12]},"meta":{"lastBranch":1,"lastFunction":1,"lastStatement":8,"seen":{"s:8:25:13:Infinity":0,"s:21:6:21:Infinity":1,"s:22:6:22:Infinity":2,"s:25:25:25:Infinity":3,"s:28:28:34:Infinity":4,"f:29:2:29:6":0,"s:30:21:30:Infinity":5,"s:31:28:31:Infinity":6,"b:31:28:31:40:31:40:31:Infinity":0,"s:32:4:32:Infinity":7}}}
,"C:\\Users\\orvin\\Documents\\software_engineer\\Vektora\\src\\modules\\identity\\identity.constants.ts": {"path":"C:\\Users\\orvin\\Documents\\software_engineer\\Vektora\\src\\modules\\identity\\identity.constants.ts","statementMap":{"0":{"start":{"line":1,"column":31},"end":{"line":10,"column":null}},"1":{"start":{"line":12,"column":28},"end":{"line":16,"column":null}}},"fnMap":{},"branchMap":{},"s":{"0":1,"1":1},"f":{},"b":{},"meta":{"lastBranch":0,"lastFunction":0,"lastStatement":2,"seen":{"s:1:31:10:Infinity":0,"s:12:28:16:Infinity":1}}}
,"C:\\Users\\orvin\\Documents\\software_engineer\\Vektora\\src\\modules\\identity\\identity.schema.ts": {"path":"C:\\Users\\orvin\\Documents\\software_engineer\\Vektora\\src\\modules\\identity\\identity.schema.ts","statementMap":{"0":{"start":{"line":4,"column":13},"end":{"line":4,"column":null}},"1":{"start":{"line":6,"column":21},"end":{"line":19,"column":null}},"2":{"start":{"line":21,"column":23},"end":{"line":31,"column":null}},"3":{"start":{"line":23,"column":62},"end":{"line":23,"column":72}},"4":{"start":{"line":29,"column":14},"end":{"line":31,"column":1}}},"fnMap":{"0":{"name":"(anonymous_0)","decl":{"start":{"line":23,"column":45},"end":{"line":23,"column":62}},"loc":{"start":{"line":23,"column":62},"end":{"line":23,"column":72}},"line":23},"1":{"name":"(anonymous_1)","decl":{"start":{"line":29,"column":0},"end":{"line":29,"column":4}},"loc":{"start":{"line":29,"column":14},"end":{"line":31,"column":1}},"line":29}},"branchMap":{},"s":{"0":1,"1":1,"2":1,"3":0,"4":1},"f":{"0":0,"1":1},"b":{},"meta":{"lastBranch":0,"lastFunction":2,"lastStatement":5,"seen":{"s:4:13:4:Infinity":0,"s:6:21:19:Infinity":1,"s:21:23:31:Infinity":2,"f:23:45:23:62":0,"s:23:62:23:72":3,"f:29:0:29:4":1,"s:29:14:31:1":4}}}
,"C:\\Users\\orvin\\Documents\\software_engineer\\Vektora\\src\\modules\\identity\\identity.service.ts": {"path":"C:\\Users\\orvin\\Documents\\software_engineer\\Vektora\\src\\modules\\identity\\identity.service.ts","statementMap":{"0":{"start":{"line":13,"column":28},"end":{"line":18,"column":null}},"1":{"start":{"line":20,"column":4},"end":{"line":27,"column":null}},"2":{"start":{"line":21,"column":6},"end":{"line":23,"column":null}},"3":{"start":{"line":22,"column":8},"end":{"line":22,"column":null}},"4":{"start":{"line":24,"column":6},"end":{"line":26,"column":null}},"5":{"start":{"line":25,"column":8},"end":{"line":25,"column":null}},"6":{"start":{"line":29,"column":22},"end":{"line":38,"column":null}},"7":{"start":{"line":40,"column":4},"end":{"line":40,"column":null}},"8":{"start":{"line":47,"column":23},"end":{"line":47,"column":null}},"9":{"start":{"line":49,"column":20},"end":{"line":51,"column":null}},"10":{"start":{"line":52,"column":4},"end":{"line":54,"column":null}},"11":{"start":{"line":53,"column":6},"end":{"line":53,"column":null}},"12":{"start":{"line":56,"column":27},"end":{"line":58,"column":null}},"13":{"start":{"line":59,"column":4},"end":{"line":61,"column":null}},"14":{"start":{"line":60,"column":6},"end":{"line":60,"column":null}},"15":{"start":{"line":64,"column":4},"end":{"line":87,"column":null}},"16":{"start":{"line":65,"column":6},"end":{"line":86,"column":null}},"17":{"start":{"line":67,"column":28},"end":{"line":74,"column":null}},"18":{"start":{"line":77,"column":8},"end":{"line":83,"column":null}},"19":{"start":{"line":85,"column":8},"end":{"line":85,"column":null}}},"fnMap":{"0":{"name":"(anonymous_0)","decl":{"start":{"line":12,"column":15},"end":{"line":12,"column":29}},"loc":{"start":{"line":12,"column":59},"end":{"line":41,"column":null}},"line":12},"1":{"name":"(anonymous_1)","decl":{"start":{"line":46,"column":15},"end":{"line":46,"column":32}},"loc":{"start":{"line":46,"column":64},"end":{"line":88,"column":null}},"line":46},"2":{"name":"(anonymous_2)","decl":{"start":{"line":64,"column":32},"end":{"line":64,"column":39}},"loc":{"start":{"line":64,"column":46},"end":{"line":87,"column":5}},"line":64},"3":{"name":"(anonymous_3)","decl":{"start":{"line":65,"column":37},"end":{"line":65,"column":49}},"loc":{"start":{"line":65,"column":49},"end":{"line":86,"column":7}},"line":65}},"branchMap":{"0":{"loc":{"start":{"line":20,"column":4},"end":{"line":27,"column":null}},"type":"if","locations":[{"start":{"line":20,"column":4},"end":{"line":27,"column":null}},{"start":{},"end":{}}],"line":20},"1":{"loc":{"start":{"line":21,"column":6},"end":{"line":23,"column":null}},"type":"if","locations":[{"start":{"line":21,"column":6},"end":{"line":23,"column":null}},{"start":{},"end":{}}],"line":21},"2":{"loc":{"start":{"line":24,"column":6},"end":{"line":26,"column":null}},"type":"if","locations":[{"start":{"line":24,"column":6},"end":{"line":26,"column":null}},{"start":{},"end":{}}],"line":24},"3":{"loc":{"start":{"line":34,"column":18},"end":{"line":34,"column":null}},"type":"binary-expr","locations":[{"start":{"line":34,"column":18},"end":{"line":34,"column":38}},{"start":{"line":34,"column":38},"end":{"line":34,"column":null}}],"line":34},"4":{"loc":{"start":{"line":52,"column":4},"end":{"line":54,"column":null}},"type":"if","locations":[{"start":{"line":52,"column":4},"end":{"line":54,"column":null}},{"start":{},"end":{}}],"line":52},"5":{"loc":{"start":{"line":59,"column":4},"end":{"line":61,"column":null}},"type":"if","locations":[{"start":{"line":59,"column":4},"end":{"line":61,"column":null}},{"start":{},"end":{}}],"line":59},"6":{"loc":{"start":{"line":71,"column":17},"end":{"line":71,"column":null}},"type":"binary-expr","locations":[{"start":{"line":71,"column":17},"end":{"line":71,"column":32}},{"start":{"line":71,"column":32},"end":{"line":71,"column":null}}],"line":71}},"s":{"0":7,"1":7,"2":2,"3":1,"4":1,"5":1,"6":5,"7":5,"8":4,"9":4,"10":4,"11":1,"12":3,"13":3,"14":1,"15":2,"16":2,"17":2,"18":2,"19":2},"f":{"0":1,"1":1,"2":2,"3":2},"b":{"0":[2,5],"1":[1,1],"2":[1,0],"3":[5,0],"4":[1,3],"5":[1,2],"6":[2,0]},"meta":{"lastBranch":7,"lastFunction":4,"lastStatement":20,"seen":{"f:12:15:12:29":0,"s:13:28:18:Infinity":0,"b:20:4:27:Infinity:undefined:undefined:undefined:undefined":0,"s:20:4:27:Infinity":1,"b:21:6:23:Infinity:undefined:undefined:undefined:undefined":1,"s:21:6:23:Infinity":2,"s:22:8:22:Infinity":3,"b:24:6:26:Infinity:undefined:undefined:undefined:undefined":2,"s:24:6:26:Infinity":4,"s:25:8:25:Infinity":5,"s:29:22:38:Infinity":6,"b:34:18:34:38:34:38:34:Infinity":3,"s:40:4:40:Infinity":7,"f:46:15:46:32":1,"s:47:23:47:Infinity":8,"s:49:20:51:Infinity":9,"b:52:4:54:Infinity:undefined:undefined:undefined:undefined":4,"s:52:4:54:Infinity":10,"s:53:6:53:Infinity":11,"s:56:27:58:Infinity":12,"b:59:4:61:Infinity:undefined:undefined:undefined:undefined":5,"s:59:4:61:Infinity":13,"s:60:6:60:Infinity":14,"s:64:4:87:Infinity":15,"f:64:32:64:39":2,"s:65:6:86:Infinity":16,"f:65:37:65:49":3,"s:67:28:74:Infinity":17,"b:71:17:71:32:71:32:71:Infinity":6,"s:77:8:83:Infinity":18,"s:85:8:85:Infinity":19}}}
,"C:\\Users\\orvin\\Documents\\software_engineer\\Vektora\\src\\shared\\errors\\app-error.ts": {"path":"C:\\Users\\orvin\\Documents\\software_engineer\\Vektora\\src\\shared\\errors\\app-error.ts","statementMap":{"0":{"start":{"line":6,"column":4},"end":{"line":6,"column":null}},"1":{"start":{"line":7,"column":4},"end":{"line":7,"column":null}},"2":{"start":{"line":8,"column":4},"end":{"line":8,"column":null}},"3":{"start":{"line":9,"column":4},"end":{"line":9,"column":null}},"4":{"start":{"line":10,"column":4},"end":{"line":10,"column":null}},"5":{"start":{"line":17,"column":4},"end":{"line":17,"column":null}},"6":{"start":{"line":24,"column":4},"end":{"line":24,"column":null}},"7":{"start":{"line":33,"column":4},"end":{"line":33,"column":null}},"8":{"start":{"line":40,"column":4},"end":{"line":40,"column":null}},"9":{"start":{"line":47,"column":4},"end":{"line":47,"column":null}}},"fnMap":{"0":{"name":"(anonymous_0)","decl":{"start":{"line":5,"column":2},"end":{"line":5,"column":14}},"loc":{"start":{"line":5,"column":79},"end":{"line":11,"column":null}},"line":5},"1":{"name":"(anonymous_1)","decl":{"start":{"line":16,"column":2},"end":{"line":16,"column":14}},"loc":{"start":{"line":16,"column":54},"end":{"line":18,"column":null}},"line":16},"2":{"name":"(anonymous_2)","decl":{"start":{"line":23,"column":2},"end":{"line":23,"column":14}},"loc":{"start":{"line":23,"column":60},"end":{"line":25,"column":null}},"line":23},"3":{"name":"(anonymous_3)","decl":{"start":{"line":30,"column":2},"end":{"line":30,"column":null}},"loc":{"start":{"line":32,"column":4},"end":{"line":34,"column":null}},"line":32},"4":{"name":"(anonymous_4)","decl":{"start":{"line":39,"column":2},"end":{"line":39,"column":14}},"loc":{"start":{"line":39,"column":69},"end":{"line":41,"column":null}},"line":39},"5":{"name":"(anonymous_5)","decl":{"start":{"line":46,"column":2},"end":{"line":46,"column":14}},"loc":{"start":{"line":46,"column":31},"end":{"line":48,"column":null}},"line":46}},"branchMap":{"0":{"loc":{"start":{"line":5,"column":31},"end":{"line":5,"column":57}},"type":"default-arg","locations":[{"start":{"line":5,"column":52},"end":{"line":5,"column":57}}],"line":5},"1":{"loc":{"start":{"line":5,"column":57},"end":{"line":5,"column":79}},"type":"default-arg","locations":[{"start":{"line":5,"column":73},"end":{"line":5,"column":79}}],"line":5},"2":{"loc":{"start":{"line":16,"column":14},"end":{"line":16,"column":54}},"type":"default-arg","locations":[{"start":{"line":16,"column":32},"end":{"line":16,"column":54}}],"line":16},"3":{"loc":{"start":{"line":23,"column":14},"end":{"line":23,"column":60}},"type":"default-arg","locations":[{"start":{"line":23,"column":32},"end":{"line":23,"column":60}}],"line":23},"4":{"loc":{"start":{"line":31,"column":4},"end":{"line":31,"column":null}},"type":"default-arg","locations":[{"start":{"line":31,"column":22},"end":{"line":31,"column":null}}],"line":31},"5":{"loc":{"start":{"line":39,"column":14},"end":{"line":39,"column":69}},"type":"default-arg","locations":[{"start":{"line":39,"column":32},"end":{"line":39,"column":69}}],"line":39}},"s":{"0":8,"1":8,"2":8,"3":8,"4":8,"5":0,"6":0,"7":0,"8":2,"9":6},"f":{"0":8,"1":0,"2":0,"3":0,"4":2,"5":6},"b":{"0":[8],"1":[8],"2":[0],"3":[0],"4":[0],"5":[2]},"meta":{"lastBranch":6,"lastFunction":6,"lastStatement":10,"seen":{"f:5:2:5:14":0,"b:5:52:5:57":0,"b:5:73:5:79":1,"s:6:4:6:Infinity":0,"s:7:4:7:Infinity":1,"s:8:4:8:Infinity":2,"s:9:4:9:Infinity":3,"s:10:4:10:Infinity":4,"f:16:2:16:14":1,"b:16:32:16:54":2,"s:17:4:17:Infinity":5,"f:23:2:23:14":2,"b:23:32:23:60":3,"s:24:4:24:Infinity":6,"f:30:2:30:Infinity":3,"b:31:22:31:Infinity":4,"s:33:4:33:Infinity":7,"f:39:2:39:14":4,"b:39:32:39:69":5,"s:40:4:40:Infinity":8,"f:46:2:46:14":5,"s:47:4:47:Infinity":9}}}
}
